2015-09-20 05:42:05 Error: [MissingControllerException] Controller class PropertiesController could not be found.
Exception Attributes: array (
  'class' => 'PropertiesController',
  'plugin' => NULL,
)
Request URL: /eagle/properties/add
Stack Trace:
#0 C:\wamp\www\eagle\app\webroot\index.php(118): Dispatcher->dispatch(Object(CakeRequest), Object(CakeResponse))
#1 {main}
2015-09-20 06:48:44 Error: [NotFoundException] Invalid property
Request URL: /eagle/properties/delete
Stack Trace:
#0 [internal function]: PropertiesController->delete()
#1 C:\wamp\www\eagle\lib\Cake\Controller\Controller.php(490): ReflectionMethod->invokeArgs(Object(PropertiesController), Array)
#2 C:\wamp\www\eagle\lib\Cake\Routing\Dispatcher.php(193): Controller->invokeAction(Object(CakeRequest))
#3 C:\wamp\www\eagle\lib\Cake\Routing\Dispatcher.php(167): Dispatcher->_invoke(Object(PropertiesController), Object(CakeRequest))
#4 C:\wamp\www\eagle\app\webroot\index.php(118): Dispatcher->dispatch(Object(CakeRequest), Object(CakeResponse))
#5 {main}
2015-09-20 06:49:38 Error: [NotFoundException] Invalid property
Request URL: /eagle/properties/delete
Stack Trace:
#0 [internal function]: PropertiesController->delete()
#1 C:\wamp\www\eagle\lib\Cake\Controller\Controller.php(490): ReflectionMethod->invokeArgs(Object(PropertiesController), Array)
#2 C:\wamp\www\eagle\lib\Cake\Routing\Dispatcher.php(193): Controller->invokeAction(Object(CakeRequest))
#3 C:\wamp\www\eagle\lib\Cake\Routing\Dispatcher.php(167): Dispatcher->_invoke(Object(PropertiesController), Object(CakeRequest))
#4 C:\wamp\www\eagle\app\webroot\index.php(118): Dispatcher->dispatch(Object(CakeRequest), Object(CakeResponse))
#5 {main}
2015-09-20 06:50:08 Error: [NotFoundException] Invalid property
Request URL: /eagle/properties/delete
Stack Trace:
#0 [internal function]: PropertiesController->delete()
#1 C:\wamp\www\eagle\lib\Cake\Controller\Controller.php(490): ReflectionMethod->invokeArgs(Object(PropertiesController), Array)
#2 C:\wamp\www\eagle\lib\Cake\Routing\Dispatcher.php(193): Controller->invokeAction(Object(CakeRequest))
#3 C:\wamp\www\eagle\lib\Cake\Routing\Dispatcher.php(167): Dispatcher->_invoke(Object(PropertiesController), Object(CakeRequest))
#4 C:\wamp\www\eagle\app\webroot\index.php(118): Dispatcher->dispatch(Object(CakeRequest), Object(CakeResponse))
#5 {main}
2015-09-20 06:50:11 Error: [NotFoundException] Invalid property
Request URL: /eagle/properties/delete
Stack Trace:
#0 [internal function]: PropertiesController->delete()
#1 C:\wamp\www\eagle\lib\Cake\Controller\Controller.php(490): ReflectionMethod->invokeArgs(Object(PropertiesController), Array)
#2 C:\wamp\www\eagle\lib\Cake\Routing\Dispatcher.php(193): Controller->invokeAction(Object(CakeRequest))
#3 C:\wamp\www\eagle\lib\Cake\Routing\Dispatcher.php(167): Dispatcher->_invoke(Object(PropertiesController), Object(CakeRequest))
#4 C:\wamp\www\eagle\app\webroot\index.php(118): Dispatcher->dispatch(Object(CakeRequest), Object(CakeResponse))
#5 {main}
2015-09-20 06:56:31 Error: [NotFoundException] Invalid property
Request URL: /eagle/properties/delete
Stack Trace:
#0 [internal function]: PropertiesController->delete()
#1 C:\wamp\www\eagle\lib\Cake\Controller\Controller.php(490): ReflectionMethod->invokeArgs(Object(PropertiesController), Array)
#2 C:\wamp\www\eagle\lib\Cake\Routing\Dispatcher.php(193): Controller->invokeAction(Object(CakeRequest))
#3 C:\wamp\www\eagle\lib\Cake\Routing\Dispatcher.php(167): Dispatcher->_invoke(Object(PropertiesController), Object(CakeRequest))
#4 C:\wamp\www\eagle\app\webroot\index.php(118): Dispatcher->dispatch(Object(CakeRequest), Object(CakeResponse))
#5 {main}
2015-09-20 07:04:59 Error: [MissingControllerException] Controller class ImgController could not be found.
Exception Attributes: array (
  'class' => 'ImgController',
  'plugin' => NULL,
)
Request URL: /eagle/img/eagle.jpg
Stack Trace:
#0 C:\wamp\www\eagle\app\webroot\index.php(118): Dispatcher->dispatch(Object(CakeRequest), Object(CakeResponse))
#1 {main}
2015-09-20 07:08:14 Error: [MissingControllerException] Controller class ImgController could not be found.
Exception Attributes: array (
  'class' => 'ImgController',
  'plugin' => NULL,
)
Request URL: /eagle/img/eagle.jpg
Stack Trace:
#0 C:\wamp\www\eagle\app\webroot\index.php(118): Dispatcher->dispatch(Object(CakeRequest), Object(CakeResponse))
#1 {main}
2015-09-20 07:08:14 Error: [MissingControllerException] Controller class ImgController could not be found.
Exception Attributes: array (
  'class' => 'ImgController',
  'plugin' => NULL,
)
Request URL: /eagle/img/eagle1.jpg
Stack Trace:
#0 C:\wamp\www\eagle\app\webroot\index.php(118): Dispatcher->dispatch(Object(CakeRequest), Object(CakeResponse))
#1 {main}
